running egg_info
writing build/lab_1_package/lab_1_package.egg-info/PKG-INFO
writing dependency_links to build/lab_1_package/lab_1_package.egg-info/dependency_links.txt
writing entry points to build/lab_1_package/lab_1_package.egg-info/entry_points.txt
writing requirements to build/lab_1_package/lab_1_package.egg-info/requires.txt
writing top-level names to build/lab_1_package/lab_1_package.egg-info/top_level.txt
reading manifest file 'build/lab_1_package/lab_1_package.egg-info/SOURCES.txt'
adding license file 'LICENSE'
writing manifest file 'build/lab_1_package/lab_1_package.egg-info/SOURCES.txt'
running build
running build_py
running install
running install_lib
running install_data
running install_egg_info
removing '/home/surafel/ros2_ws/src/lab_1_package/install/lab_1_package/lib/python3.12/site-packages/lab_1_package-0.0.0-py3.12.egg-info' (and everything under it)
Copying build/lab_1_package/lab_1_package.egg-info to /home/surafel/ros2_ws/src/lab_1_package/install/lab_1_package/lib/python3.12/site-packages/lab_1_package-0.0.0-py3.12.egg-info
running install_scripts
Installing detect_objects script to /home/surafel/ros2_ws/src/lab_1_package/install/lab_1_package/lib/lab_1_package
Installing move_robot script to /home/surafel/ros2_ws/src/lab_1_package/install/lab_1_package/lib/lab_1_package
writing list of installed files to '/home/surafel/ros2_ws/src/lab_1_package/build/lab_1_package/install.log'
