[2.182s] Invoking command in '/home/surafel/ros2_ws/src/lab_1_package': PYTHONPATH=/home/surafel/ros2_ws/src/lab_1_package/build/lab_1_package/prefix_override:/usr/lib/python3/dist-packages/colcon_core/task/python/colcon_distutils_commands:/home/surafel/ros2_ws/src/lab_1_package/install/lab_1_package/lib/python3.12/site-packages:${PYTHONPATH} /usr/bin/python3 -W ignore:setup.py install is deprecated -W ignore:easy_install command is deprecated setup.py egg_info --egg-base build/lab_1_package build --build-base /home/surafel/ros2_ws/src/lab_1_package/build/lab_1_package/build install --record /home/surafel/ros2_ws/src/lab_1_package/build/lab_1_package/install.log --single-version-externally-managed install_data
[2.798s] running egg_info
[2.850s] writing build/lab_1_package/lab_1_package.egg-info/PKG-INFO
[2.850s] writing dependency_links to build/lab_1_package/lab_1_package.egg-info/dependency_links.txt
[2.851s] writing entry points to build/lab_1_package/lab_1_package.egg-info/entry_points.txt
[2.851s] writing requirements to build/lab_1_package/lab_1_package.egg-info/requires.txt
[2.851s] writing top-level names to build/lab_1_package/lab_1_package.egg-info/top_level.txt
[2.963s] reading manifest file 'build/lab_1_package/lab_1_package.egg-info/SOURCES.txt'
[2.964s] adding license file 'LICENSE'
[2.965s] writing manifest file 'build/lab_1_package/lab_1_package.egg-info/SOURCES.txt'
[2.966s] running build
[2.966s] running build_py
[2.966s] running install
[2.979s] running install_lib
[3.026s] running install_data
[3.027s] copying urdf/robot.urdf -> /home/surafel/ros2_ws/src/lab_1_package/install/lab_1_package/share/lab_1_package/urdf
[3.028s] running install_egg_info
[3.081s] removing '/home/surafel/ros2_ws/src/lab_1_package/install/lab_1_package/lib/python3.12/site-packages/lab_1_package-0.0.0-py3.12.egg-info' (and everything under it)
[3.082s] Copying build/lab_1_package/lab_1_package.egg-info to /home/surafel/ros2_ws/src/lab_1_package/install/lab_1_package/lib/python3.12/site-packages/lab_1_package-0.0.0-py3.12.egg-info
[3.084s] running install_scripts
[3.382s] Installing detect_objects script to /home/surafel/ros2_ws/src/lab_1_package/install/lab_1_package/lib/lab_1_package
[3.382s] Installing move_robot script to /home/surafel/ros2_ws/src/lab_1_package/install/lab_1_package/lib/lab_1_package
[3.382s] writing list of installed files to '/home/surafel/ros2_ws/src/lab_1_package/build/lab_1_package/install.log'
[3.448s] Invoked command in '/home/surafel/ros2_ws/src/lab_1_package' returned '0': PYTHONPATH=/home/surafel/ros2_ws/src/lab_1_package/build/lab_1_package/prefix_override:/usr/lib/python3/dist-packages/colcon_core/task/python/colcon_distutils_commands:/home/surafel/ros2_ws/src/lab_1_package/install/lab_1_package/lib/python3.12/site-packages:${PYTHONPATH} /usr/bin/python3 -W ignore:setup.py install is deprecated -W ignore:easy_install command is deprecated setup.py egg_info --egg-base build/lab_1_package build --build-base /home/surafel/ros2_ws/src/lab_1_package/build/lab_1_package/build install --record /home/surafel/ros2_ws/src/lab_1_package/build/lab_1_package/install.log --single-version-externally-managed install_data
