[2.750s] Invoking command in '/home/surafel/ros2_ws/src/lab_1_package': PYTHONPATH=/home/surafel/ros2_ws/src/lab_1_package/build/lab_1_package/prefix_override:/usr/lib/python3/dist-packages/colcon_core/task/python/colcon_distutils_commands:/home/surafel/ros2_ws/src/lab_1_package/install/lab_1_package/lib/python3.12/site-packages:${PYTHONPATH} /usr/bin/python3 -W ignore:setup.py install is deprecated -W ignore:easy_install command is deprecated setup.py egg_info --egg-base build/lab_1_package build --build-base /home/surafel/ros2_ws/src/lab_1_package/build/lab_1_package/build install --record /home/surafel/ros2_ws/src/lab_1_package/build/lab_1_package/install.log --single-version-externally-managed install_data
[3.485s] running egg_info
[3.529s] writing build/lab_1_package/lab_1_package.egg-info/PKG-INFO
[3.529s] writing dependency_links to build/lab_1_package/lab_1_package.egg-info/dependency_links.txt
[3.530s] writing entry points to build/lab_1_package/lab_1_package.egg-info/entry_points.txt
[3.530s] writing requirements to build/lab_1_package/lab_1_package.egg-info/requires.txt
[3.531s] writing top-level names to build/lab_1_package/lab_1_package.egg-info/top_level.txt
[3.647s] reading manifest file 'build/lab_1_package/lab_1_package.egg-info/SOURCES.txt'
[3.647s] adding license file 'LICENSE'
[3.649s] writing manifest file 'build/lab_1_package/lab_1_package.egg-info/SOURCES.txt'
[3.650s] running build
[3.651s] running build_py
[3.652s] running install
[3.671s] running install_lib
[3.727s] running install_data
[3.727s] running install_egg_info
[3.784s] removing '/home/surafel/ros2_ws/src/lab_1_package/install/lab_1_package/lib/python3.12/site-packages/lab_1_package-0.0.0-py3.12.egg-info' (and everything under it)
[3.785s] Copying build/lab_1_package/lab_1_package.egg-info to /home/surafel/ros2_ws/src/lab_1_package/install/lab_1_package/lib/python3.12/site-packages/lab_1_package-0.0.0-py3.12.egg-info
[3.787s] running install_scripts
[4.160s] Installing detect_objects script to /home/surafel/ros2_ws/src/lab_1_package/install/lab_1_package/lib/lab_1_package
[4.161s] Installing move_robot script to /home/surafel/ros2_ws/src/lab_1_package/install/lab_1_package/lib/lab_1_package
[4.162s] writing list of installed files to '/home/surafel/ros2_ws/src/lab_1_package/build/lab_1_package/install.log'
[4.228s] Invoked command in '/home/surafel/ros2_ws/src/lab_1_package' returned '0': PYTHONPATH=/home/surafel/ros2_ws/src/lab_1_package/build/lab_1_package/prefix_override:/usr/lib/python3/dist-packages/colcon_core/task/python/colcon_distutils_commands:/home/surafel/ros2_ws/src/lab_1_package/install/lab_1_package/lib/python3.12/site-packages:${PYTHONPATH} /usr/bin/python3 -W ignore:setup.py install is deprecated -W ignore:easy_install command is deprecated setup.py egg_info --egg-base build/lab_1_package build --build-base /home/surafel/ros2_ws/src/lab_1_package/build/lab_1_package/build install --record /home/surafel/ros2_ws/src/lab_1_package/build/lab_1_package/install.log --single-version-externally-managed install_data
