[2.729s] Invoking command in '/home/surafel/ros2_ws/src/lab_1_package': PYTHONPATH=/home/surafel/ros2_ws/src/lab_1_package/build/lab_1_package/prefix_override:/usr/lib/python3/dist-packages/colcon_core/task/python/colcon_distutils_commands:/home/surafel/ros2_ws/src/lab_1_package/install/lab_1_package/lib/python3.12/site-packages:${PYTHONPATH} /usr/bin/python3 -W ignore:setup.py install is deprecated -W ignore:easy_install command is deprecated setup.py egg_info --egg-base build/lab_1_package build --build-base /home/surafel/ros2_ws/src/lab_1_package/build/lab_1_package/build install --record /home/surafel/ros2_ws/src/lab_1_package/build/lab_1_package/install.log --single-version-externally-managed install_data
[3.582s] running egg_info
[3.626s] writing build/lab_1_package/lab_1_package.egg-info/PKG-INFO
[3.626s] writing dependency_links to build/lab_1_package/lab_1_package.egg-info/dependency_links.txt
[3.627s] writing entry points to build/lab_1_package/lab_1_package.egg-info/entry_points.txt
[3.627s] writing requirements to build/lab_1_package/lab_1_package.egg-info/requires.txt
[3.628s] writing top-level names to build/lab_1_package/lab_1_package.egg-info/top_level.txt
[3.734s] reading manifest file 'build/lab_1_package/lab_1_package.egg-info/SOURCES.txt'
[3.734s] adding license file 'LICENSE'
[3.737s] writing manifest file 'build/lab_1_package/lab_1_package.egg-info/SOURCES.txt'
[3.737s] running build
[3.738s] running build_py
[3.738s] running install
[3.755s] running install_lib
[3.817s] running install_data
[3.817s] copying urdf/robot.urdf -> /home/surafel/ros2_ws/src/lab_1_package/install/lab_1_package/share/lab_1_package/urdf
[3.818s] running install_egg_info
[3.871s] removing '/home/surafel/ros2_ws/src/lab_1_package/install/lab_1_package/lib/python3.12/site-packages/lab_1_package-0.0.0-py3.12.egg-info' (and everything under it)
[3.871s] Copying build/lab_1_package/lab_1_package.egg-info to /home/surafel/ros2_ws/src/lab_1_package/install/lab_1_package/lib/python3.12/site-packages/lab_1_package-0.0.0-py3.12.egg-info
[3.873s] running install_scripts
[4.210s] Installing detect_objects script to /home/surafel/ros2_ws/src/lab_1_package/install/lab_1_package/lib/lab_1_package
[4.211s] Installing move_robot script to /home/surafel/ros2_ws/src/lab_1_package/install/lab_1_package/lib/lab_1_package
[4.214s] writing list of installed files to '/home/surafel/ros2_ws/src/lab_1_package/build/lab_1_package/install.log'
[4.287s] Invoked command in '/home/surafel/ros2_ws/src/lab_1_package' returned '0': PYTHONPATH=/home/surafel/ros2_ws/src/lab_1_package/build/lab_1_package/prefix_override:/usr/lib/python3/dist-packages/colcon_core/task/python/colcon_distutils_commands:/home/surafel/ros2_ws/src/lab_1_package/install/lab_1_package/lib/python3.12/site-packages:${PYTHONPATH} /usr/bin/python3 -W ignore:setup.py install is deprecated -W ignore:easy_install command is deprecated setup.py egg_info --egg-base build/lab_1_package build --build-base /home/surafel/ros2_ws/src/lab_1_package/build/lab_1_package/build install --record /home/surafel/ros2_ws/src/lab_1_package/build/lab_1_package/install.log --single-version-externally-managed install_data
