[2.166s] DEBUG:colcon:Command line arguments: ['/usr/bin/colcon', 'build']
[2.166s] DEBUG:colcon:Parsed command line arguments: Namespace(log_base=None, log_level=None, verb_name='build', build_base='build', install_base='install', merge_install=False, symlink_install=False, test_result_base=None, continue_on_error=False, executor='parallel', parallel_workers=8, event_handlers=None, ignore_user_meta=False, metas=['./colcon.meta'], base_paths=['.'], packages_ignore=None, packages_ignore_regex=None, paths=None, packages_up_to=None, packages_up_to_regex=None, packages_above=None, packages_above_and_dependencies=None, packages_above_depth=None, packages_select_by_dep=None, packages_skip_by_dep=None, packages_skip_up_to=None, packages_select_build_failed=False, packages_skip_build_finished=False, packages_select_test_failures=False, packages_skip_test_passed=False, packages_select=None, packages_skip=None, packages_select_regex=None, packages_skip_regex=None, packages_start=None, packages_end=None, allow_overriding=[], cmake_args=None, cmake_target=None, cmake_target_skip_unavailable=False, cmake_clean_cache=False, cmake_clean_first=False, cmake_force_configure=False, ament_cmake_args=None, catkin_cmake_args=None, catkin_skip_building_tests=False, mixin_files=None, mixin=None, verb_parser=<colcon_mixin.mixin.mixin_argument.MixinArgumentDecorator object at 0x7f57bf61dd00>, verb_extension=<colcon_core.verb.build.BuildVerb object at 0x7f57bf728d10>, main=<bound method BuildVerb.main of <colcon_core.verb.build.BuildVerb object at 0x7f57bf728d10>>, mixin_verb=('build',))
[2.302s] Level 1:colcon.colcon_core.package_discovery:discover_packages(colcon_meta) check parameters
[2.303s] Level 1:colcon.colcon_core.package_discovery:discover_packages(recursive) check parameters
[2.303s] Level 1:colcon.colcon_core.package_discovery:discover_packages(ignore) check parameters
[2.303s] Level 1:colcon.colcon_core.package_discovery:discover_packages(path) check parameters
[2.303s] Level 1:colcon.colcon_core.package_discovery:discover_packages(colcon_meta) discover
[2.303s] Level 1:colcon.colcon_core.package_discovery:discover_packages(recursive) discover
[2.303s] INFO:colcon.colcon_core.package_discovery:Crawling recursively for packages in '/home/surafel/ros2_ws/src/lab_1_package'
[2.303s] Level 1:colcon.colcon_core.package_identification:_identify(.) by extensions ['ignore', 'ignore_ament_install']
[2.304s] Level 1:colcon.colcon_core.package_identification:_identify(.) by extension 'ignore'
[2.304s] Level 1:colcon.colcon_core.package_identification:_identify(.) by extension 'ignore_ament_install'
[2.304s] Level 1:colcon.colcon_core.package_identification:_identify(.) by extensions ['colcon_pkg']
[2.304s] Level 1:colcon.colcon_core.package_identification:_identify(.) by extension 'colcon_pkg'
[2.304s] Level 1:colcon.colcon_core.package_identification:_identify(.) by extensions ['colcon_meta']
[2.304s] Level 1:colcon.colcon_core.package_identification:_identify(.) by extension 'colcon_meta'
[2.304s] Level 1:colcon.colcon_core.package_identification:_identify(.) by extensions ['ros']
[2.304s] Level 1:colcon.colcon_core.package_identification:_identify(.) by extension 'ros'
[2.388s] DEBUG:colcon.colcon_core.package_identification:Package '.' with type 'ros.ament_python' and name 'lab_1_package'
[2.388s] Level 1:colcon.colcon_core.package_discovery:discover_packages(recursive) using defaults
[2.389s] Level 1:colcon.colcon_core.package_discovery:discover_packages(ignore) discover
[2.389s] Level 1:colcon.colcon_core.package_discovery:discover_packages(ignore) using defaults
[2.389s] Level 1:colcon.colcon_core.package_discovery:discover_packages(path) discover
[2.389s] Level 1:colcon.colcon_core.package_discovery:discover_packages(path) using defaults
[2.431s] Level 1:colcon.colcon_core.package_discovery:discover_packages(prefix_path) check parameters
[2.431s] Level 1:colcon.colcon_core.package_discovery:discover_packages(prefix_path) discover
[2.444s] DEBUG:colcon.colcon_installed_package_information.package_discovery:Found 1 installed packages in /home/surafel/ros2_ws/src/lab_1_package/install
[2.445s] DEBUG:colcon.colcon_installed_package_information.package_discovery:Found 1 installed packages in /home/surafel/ros2_ws/install
[2.450s] DEBUG:colcon.colcon_installed_package_information.package_discovery:Found 344 installed packages in /opt/ros/jazzy
[2.454s] Level 1:colcon.colcon_core.package_discovery:discover_packages(prefix_path) using defaults
[2.600s] Level 5:colcon.colcon_core.verb:set package 'lab_1_package' build argument 'cmake_args' from command line to 'None'
[2.600s] Level 5:colcon.colcon_core.verb:set package 'lab_1_package' build argument 'cmake_target' from command line to 'None'
[2.600s] Level 5:colcon.colcon_core.verb:set package 'lab_1_package' build argument 'cmake_target_skip_unavailable' from command line to 'False'
[2.600s] Level 5:colcon.colcon_core.verb:set package 'lab_1_package' build argument 'cmake_clean_cache' from command line to 'False'
[2.601s] Level 5:colcon.colcon_core.verb:set package 'lab_1_package' build argument 'cmake_clean_first' from command line to 'False'
[2.601s] Level 5:colcon.colcon_core.verb:set package 'lab_1_package' build argument 'cmake_force_configure' from command line to 'False'
[2.601s] Level 5:colcon.colcon_core.verb:set package 'lab_1_package' build argument 'ament_cmake_args' from command line to 'None'
[2.601s] Level 5:colcon.colcon_core.verb:set package 'lab_1_package' build argument 'catkin_cmake_args' from command line to 'None'
[2.601s] Level 5:colcon.colcon_core.verb:set package 'lab_1_package' build argument 'catkin_skip_building_tests' from command line to 'False'
[2.601s] DEBUG:colcon.colcon_core.verb:Building package 'lab_1_package' with the following arguments: {'ament_cmake_args': None, 'build_base': '/home/surafel/ros2_ws/src/lab_1_package/build/lab_1_package', 'catkin_cmake_args': None, 'catkin_skip_building_tests': False, 'cmake_args': None, 'cmake_clean_cache': False, 'cmake_clean_first': False, 'cmake_force_configure': False, 'cmake_target': None, 'cmake_target_skip_unavailable': False, 'install_base': '/home/surafel/ros2_ws/src/lab_1_package/install/lab_1_package', 'merge_install': False, 'path': '/home/surafel/ros2_ws/src/lab_1_package', 'symlink_install': False, 'test_result_base': None}
[2.601s] INFO:colcon.colcon_core.executor:Executing jobs using 'parallel' executor
[2.605s] DEBUG:colcon.colcon_parallel_executor.executor.parallel:run_until_complete
[2.605s] INFO:colcon.colcon_ros.task.ament_python.build:Building ROS package in '/home/surafel/ros2_ws/src/lab_1_package' with build type 'ament_python'
[2.606s] Level 1:colcon.colcon_core.shell:create_environment_hook('lab_1_package', 'ament_prefix_path')
[2.619s] INFO:colcon.colcon_core.plugin_system:Skipping extension 'colcon_core.shell.bat': Not used on non-Windows systems
[2.620s] INFO:colcon.colcon_core.shell:Creating environment hook '/home/surafel/ros2_ws/src/lab_1_package/install/lab_1_package/share/lab_1_package/hook/ament_prefix_path.ps1'
[2.621s] INFO:colcon.colcon_core.shell:Creating environment descriptor '/home/surafel/ros2_ws/src/lab_1_package/install/lab_1_package/share/lab_1_package/hook/ament_prefix_path.dsv'
[2.623s] INFO:colcon.colcon_core.shell:Creating environment hook '/home/surafel/ros2_ws/src/lab_1_package/install/lab_1_package/share/lab_1_package/hook/ament_prefix_path.sh'
[2.624s] INFO:colcon.colcon_core.shell:Skip shell extension 'powershell' for command environment: Not usable outside of PowerShell
[2.624s] DEBUG:colcon.colcon_core.shell:Skip shell extension 'dsv' for command environment
[3.285s] INFO:colcon.colcon_core.task.python.build:Building Python package in '/home/surafel/ros2_ws/src/lab_1_package'
[3.286s] INFO:colcon.colcon_core.shell:Skip shell extension 'powershell' for command environment: Not usable outside of PowerShell
[3.286s] DEBUG:colcon.colcon_core.shell:Skip shell extension 'dsv' for command environment
[6.180s] DEBUG:colcon.colcon_core.event_handler.log_command:Invoking command in '/home/surafel/ros2_ws/src/lab_1_package': PYTHONPATH=/home/surafel/ros2_ws/src/lab_1_package/build/lab_1_package/prefix_override:/usr/lib/python3/dist-packages/colcon_core/task/python/colcon_distutils_commands:/home/surafel/ros2_ws/src/lab_1_package/install/lab_1_package/lib/python3.12/site-packages:${PYTHONPATH} /usr/bin/python3 -W ignore:setup.py install is deprecated -W ignore:easy_install command is deprecated setup.py egg_info --egg-base build/lab_1_package build --build-base /home/surafel/ros2_ws/src/lab_1_package/build/lab_1_package/build install --record /home/surafel/ros2_ws/src/lab_1_package/build/lab_1_package/install.log --single-version-externally-managed install_data
[7.033s] DEBUG:colcon.colcon_core.event_handler.log_command:Invoked command in '/home/surafel/ros2_ws/src/lab_1_package' returned '0': PYTHONPATH=/home/surafel/ros2_ws/src/lab_1_package/build/lab_1_package/prefix_override:/usr/lib/python3/dist-packages/colcon_core/task/python/colcon_distutils_commands:/home/surafel/ros2_ws/src/lab_1_package/install/lab_1_package/lib/python3.12/site-packages:${PYTHONPATH} /usr/bin/python3 -W ignore:setup.py install is deprecated -W ignore:easy_install command is deprecated setup.py egg_info --egg-base build/lab_1_package build --build-base /home/surafel/ros2_ws/src/lab_1_package/build/lab_1_package/build install --record /home/surafel/ros2_ws/src/lab_1_package/build/lab_1_package/install.log --single-version-externally-managed install_data
[7.037s] Level 1:colcon.colcon_core.environment:checking '/home/surafel/ros2_ws/src/lab_1_package/install/lab_1_package' for CMake module files
[7.037s] Level 1:colcon.colcon_core.environment:checking '/home/surafel/ros2_ws/src/lab_1_package/install/lab_1_package' for CMake config files
[7.038s] Level 1:colcon.colcon_core.environment:checking '/home/surafel/ros2_ws/src/lab_1_package/install/lab_1_package/lib'
[7.038s] Level 1:colcon.colcon_core.environment:checking '/home/surafel/ros2_ws/src/lab_1_package/install/lab_1_package/bin'
[7.039s] Level 1:colcon.colcon_core.environment:checking '/home/surafel/ros2_ws/src/lab_1_package/install/lab_1_package/lib/pkgconfig/lab_1_package.pc'
[7.039s] Level 1:colcon.colcon_core.environment:checking '/home/surafel/ros2_ws/src/lab_1_package/install/lab_1_package/lib/python3.12/site-packages'
[7.039s] Level 1:colcon.colcon_core.shell:create_environment_hook('lab_1_package', 'pythonpath')
[7.039s] INFO:colcon.colcon_core.shell:Creating environment hook '/home/surafel/ros2_ws/src/lab_1_package/install/lab_1_package/share/lab_1_package/hook/pythonpath.ps1'
[7.040s] INFO:colcon.colcon_core.shell:Creating environment descriptor '/home/surafel/ros2_ws/src/lab_1_package/install/lab_1_package/share/lab_1_package/hook/pythonpath.dsv'
[7.040s] INFO:colcon.colcon_core.shell:Creating environment hook '/home/surafel/ros2_ws/src/lab_1_package/install/lab_1_package/share/lab_1_package/hook/pythonpath.sh'
[7.041s] Level 1:colcon.colcon_core.environment:checking '/home/surafel/ros2_ws/src/lab_1_package/install/lab_1_package/bin'
[7.041s] Level 1:colcon.colcon_core.environment:create_environment_scripts_only(lab_1_package)
[7.041s] INFO:colcon.colcon_core.shell:Creating package script '/home/surafel/ros2_ws/src/lab_1_package/install/lab_1_package/share/lab_1_package/package.ps1'
[7.042s] INFO:colcon.colcon_core.shell:Creating package descriptor '/home/surafel/ros2_ws/src/lab_1_package/install/lab_1_package/share/lab_1_package/package.dsv'
[7.044s] INFO:colcon.colcon_core.shell:Creating package script '/home/surafel/ros2_ws/src/lab_1_package/install/lab_1_package/share/lab_1_package/package.sh'
[7.044s] INFO:colcon.colcon_core.shell:Creating package script '/home/surafel/ros2_ws/src/lab_1_package/install/lab_1_package/share/lab_1_package/package.bash'
[7.046s] INFO:colcon.colcon_core.shell:Creating package script '/home/surafel/ros2_ws/src/lab_1_package/install/lab_1_package/share/lab_1_package/package.zsh'
[7.047s] Level 1:colcon.colcon_core.environment:create_file_with_runtime_dependencies(/home/surafel/ros2_ws/src/lab_1_package/install/lab_1_package/share/colcon-core/packages/lab_1_package)
[7.048s] DEBUG:colcon.colcon_parallel_executor.executor.parallel:closing loop
[7.050s] DEBUG:colcon.colcon_parallel_executor.executor.parallel:loop closed
[7.050s] DEBUG:colcon.colcon_parallel_executor.executor.parallel:run_until_complete finished with '0'
[7.050s] DEBUG:colcon.colcon_core.event_reactor:joining thread
[7.060s] INFO:colcon.colcon_core.plugin_system:Skipping extension 'colcon_notification.desktop_notification.terminal_notifier': Not used on non-Darwin systems
[7.060s] INFO:colcon.colcon_core.plugin_system:Skipping extension 'colcon_notification.desktop_notification.win32': Not used on non-Windows systems
[7.061s] INFO:colcon.colcon_notification.desktop_notification:Sending desktop notification using 'notify2'
[7.062s] DEBUG:colcon.colcon_notification.desktop_notification.notify2:Failed to initialize notify2: org.freedesktop.DBus.Error.ServiceUnknown: The name org.freedesktop.Notifications was not provided by any .service files
[7.063s] DEBUG:colcon.colcon_core.event_reactor:joined thread
[7.063s] INFO:colcon.colcon_core.shell:Creating prefix script '/home/surafel/ros2_ws/src/lab_1_package/install/local_setup.ps1'
[7.064s] INFO:colcon.colcon_core.shell:Creating prefix util module '/home/surafel/ros2_ws/src/lab_1_package/install/_local_setup_util_ps1.py'
[7.088s] INFO:colcon.colcon_core.shell:Creating prefix chain script '/home/surafel/ros2_ws/src/lab_1_package/install/setup.ps1'
[7.101s] INFO:colcon.colcon_core.shell:Creating prefix script '/home/surafel/ros2_ws/src/lab_1_package/install/local_setup.sh'
[7.107s] INFO:colcon.colcon_core.shell:Creating prefix util module '/home/surafel/ros2_ws/src/lab_1_package/install/_local_setup_util_sh.py'
[7.119s] INFO:colcon.colcon_core.shell:Creating prefix chain script '/home/surafel/ros2_ws/src/lab_1_package/install/setup.sh'
[7.140s] INFO:colcon.colcon_core.shell:Creating prefix script '/home/surafel/ros2_ws/src/lab_1_package/install/local_setup.bash'
[7.153s] INFO:colcon.colcon_core.shell:Creating prefix chain script '/home/surafel/ros2_ws/src/lab_1_package/install/setup.bash'
[7.159s] INFO:colcon.colcon_core.shell:Creating prefix script '/home/surafel/ros2_ws/src/lab_1_package/install/local_setup.zsh'
[7.161s] INFO:colcon.colcon_core.shell:Creating prefix chain script '/home/surafel/ros2_ws/src/lab_1_package/install/setup.zsh'
