running egg_info
creating build/lab_1_package/lab_1_package.egg-info
writing build/lab_1_package/lab_1_package.egg-info/PKG-INFO
writing dependency_links to build/lab_1_package/lab_1_package.egg-info/dependency_links.txt
writing entry points to build/lab_1_package/lab_1_package.egg-info/entry_points.txt
writing requirements to build/lab_1_package/lab_1_package.egg-info/requires.txt
writing top-level names to build/lab_1_package/lab_1_package.egg-info/top_level.txt
writing manifest file 'build/lab_1_package/lab_1_package.egg-info/SOURCES.txt'
reading manifest file 'build/lab_1_package/lab_1_package.egg-info/SOURCES.txt'
adding license file 'LICENSE'
writing manifest file 'build/lab_1_package/lab_1_package.egg-info/SOURCES.txt'
running build
running build_py
creating /home/surafel/ros2_ws/src/lab_1_package/build/lab_1_package/build
creating /home/surafel/ros2_ws/src/lab_1_package/build/lab_1_package/build/lib
creating /home/surafel/ros2_ws/src/lab_1_package/build/lab_1_package/build/lib/lab_1_package
copying lab_1_package/__init__.py -> /home/surafel/ros2_ws/src/lab_1_package/build/lab_1_package/build/lib/lab_1_package
copying lab_1_package/move_robot.py -> /home/surafel/ros2_ws/src/lab_1_package/build/lab_1_package/build/lib/lab_1_package
copying lab_1_package/detect_objects.py -> /home/surafel/ros2_ws/src/lab_1_package/build/lab_1_package/build/lib/lab_1_package
running install
running install_lib
creating /home/surafel/ros2_ws/src/lab_1_package/install/lab_1_package/lib/python3.12/site-packages/lab_1_package
copying /home/surafel/ros2_ws/src/lab_1_package/build/lab_1_package/build/lib/lab_1_package/__init__.py -> /home/surafel/ros2_ws/src/lab_1_package/install/lab_1_package/lib/python3.12/site-packages/lab_1_package
copying /home/surafel/ros2_ws/src/lab_1_package/build/lab_1_package/build/lib/lab_1_package/move_robot.py -> /home/surafel/ros2_ws/src/lab_1_package/install/lab_1_package/lib/python3.12/site-packages/lab_1_package
copying /home/surafel/ros2_ws/src/lab_1_package/build/lab_1_package/build/lib/lab_1_package/detect_objects.py -> /home/surafel/ros2_ws/src/lab_1_package/install/lab_1_package/lib/python3.12/site-packages/lab_1_package
byte-compiling /home/surafel/ros2_ws/src/lab_1_package/install/lab_1_package/lib/python3.12/site-packages/lab_1_package/__init__.py to __init__.cpython-312.pyc
byte-compiling /home/surafel/ros2_ws/src/lab_1_package/install/lab_1_package/lib/python3.12/site-packages/lab_1_package/move_robot.py to move_robot.cpython-312.pyc
byte-compiling /home/surafel/ros2_ws/src/lab_1_package/install/lab_1_package/lib/python3.12/site-packages/lab_1_package/detect_objects.py to detect_objects.cpython-312.pyc
running install_data
creating /home/surafel/ros2_ws/src/lab_1_package/install/lab_1_package/share/ament_index
creating /home/surafel/ros2_ws/src/lab_1_package/install/lab_1_package/share/ament_index/resource_index
creating /home/surafel/ros2_ws/src/lab_1_package/install/lab_1_package/share/ament_index/resource_index/packages
copying resource/lab_1_package -> /home/surafel/ros2_ws/src/lab_1_package/install/lab_1_package/share/ament_index/resource_index/packages
copying package.xml -> /home/surafel/ros2_ws/src/lab_1_package/install/lab_1_package/share/lab_1_package
creating /home/surafel/ros2_ws/src/lab_1_package/install/lab_1_package/share/lab_1_package/urdf
copying urdf/robot.urdf -> /home/surafel/ros2_ws/src/lab_1_package/install/lab_1_package/share/lab_1_package/urdf
creating /home/surafel/ros2_ws/src/lab_1_package/install/lab_1_package/share/lab_1_package/launch
copying launch/display.launch.py -> /home/surafel/ros2_ws/src/lab_1_package/install/lab_1_package/share/lab_1_package/launch
copying launch/gazebo_sim.launch.py -> /home/surafel/ros2_ws/src/lab_1_package/install/lab_1_package/share/lab_1_package/launch
creating /home/surafel/ros2_ws/src/lab_1_package/install/lab_1_package/share/lab_1_package/rviz
copying rviz/urdf.rviz -> /home/surafel/ros2_ws/src/lab_1_package/install/lab_1_package/share/lab_1_package/rviz
creating /home/surafel/ros2_ws/src/lab_1_package/install/lab_1_package/share/lab_1_package/worlds
copying worlds/my_world.sdf -> /home/surafel/ros2_ws/src/lab_1_package/install/lab_1_package/share/lab_1_package/worlds
running install_egg_info
Copying build/lab_1_package/lab_1_package.egg-info to /home/surafel/ros2_ws/src/lab_1_package/install/lab_1_package/lib/python3.12/site-packages/lab_1_package-0.0.0-py3.12.egg-info
running install_scripts
Installing detect_objects script to /home/surafel/ros2_ws/src/lab_1_package/install/lab_1_package/lib/lab_1_package
Installing move_robot script to /home/surafel/ros2_ws/src/lab_1_package/install/lab_1_package/lib/lab_1_package
writing list of installed files to '/home/surafel/ros2_ws/src/lab_1_package/build/lab_1_package/install.log'
