[3.360s] Invoking command in '/home/surafel/ros2_ws/src/lab_1_package': PYTHONPATH=/home/surafel/ros2_ws/src/lab_1_package/build/lab_1_package/prefix_override:/usr/lib/python3/dist-packages/colcon_core/task/python/colcon_distutils_commands:/home/surafel/ros2_ws/src/lab_1_package/install/lab_1_package/lib/python3.12/site-packages:${PYTHONPATH} /usr/bin/python3 -W ignore:setup.py install is deprecated -W ignore:easy_install command is deprecated setup.py egg_info --egg-base build/lab_1_package build --build-base /home/surafel/ros2_ws/src/lab_1_package/build/lab_1_package/build install --record /home/surafel/ros2_ws/src/lab_1_package/build/lab_1_package/install.log --single-version-externally-managed install_data
[4.055s] running egg_info
[4.056s] creating build/lab_1_package/lab_1_package.egg-info
[4.136s] writing build/lab_1_package/lab_1_package.egg-info/PKG-INFO
[4.138s] writing dependency_links to build/lab_1_package/lab_1_package.egg-info/dependency_links.txt
[4.138s] writing entry points to build/lab_1_package/lab_1_package.egg-info/entry_points.txt
[4.139s] writing requirements to build/lab_1_package/lab_1_package.egg-info/requires.txt
[4.139s] writing top-level names to build/lab_1_package/lab_1_package.egg-info/top_level.txt
[4.140s] writing manifest file 'build/lab_1_package/lab_1_package.egg-info/SOURCES.txt'
[4.270s] reading manifest file 'build/lab_1_package/lab_1_package.egg-info/SOURCES.txt'
[4.271s] adding license file 'LICENSE'
[4.273s] writing manifest file 'build/lab_1_package/lab_1_package.egg-info/SOURCES.txt'
[4.274s] running build
[4.275s] running build_py
[4.275s] creating /home/surafel/ros2_ws/src/lab_1_package/build/lab_1_package/build
[4.276s] creating /home/surafel/ros2_ws/src/lab_1_package/build/lab_1_package/build/lib
[4.277s] creating /home/surafel/ros2_ws/src/lab_1_package/build/lab_1_package/build/lib/lab_1_package
[4.278s] copying lab_1_package/__init__.py -> /home/surafel/ros2_ws/src/lab_1_package/build/lab_1_package/build/lib/lab_1_package
[4.278s] copying lab_1_package/move_robot.py -> /home/surafel/ros2_ws/src/lab_1_package/build/lab_1_package/build/lib/lab_1_package
[4.279s] copying lab_1_package/detect_objects.py -> /home/surafel/ros2_ws/src/lab_1_package/build/lab_1_package/build/lib/lab_1_package
[4.279s] running install
[4.297s] running install_lib
[4.360s] creating /home/surafel/ros2_ws/src/lab_1_package/install/lab_1_package/lib/python3.12/site-packages/lab_1_package
[4.361s] copying /home/surafel/ros2_ws/src/lab_1_package/build/lab_1_package/build/lib/lab_1_package/__init__.py -> /home/surafel/ros2_ws/src/lab_1_package/install/lab_1_package/lib/python3.12/site-packages/lab_1_package
[4.362s] copying /home/surafel/ros2_ws/src/lab_1_package/build/lab_1_package/build/lib/lab_1_package/move_robot.py -> /home/surafel/ros2_ws/src/lab_1_package/install/lab_1_package/lib/python3.12/site-packages/lab_1_package
[4.363s] copying /home/surafel/ros2_ws/src/lab_1_package/build/lab_1_package/build/lib/lab_1_package/detect_objects.py -> /home/surafel/ros2_ws/src/lab_1_package/install/lab_1_package/lib/python3.12/site-packages/lab_1_package
[4.364s] byte-compiling /home/surafel/ros2_ws/src/lab_1_package/install/lab_1_package/lib/python3.12/site-packages/lab_1_package/__init__.py to __init__.cpython-312.pyc
[4.365s] byte-compiling /home/surafel/ros2_ws/src/lab_1_package/install/lab_1_package/lib/python3.12/site-packages/lab_1_package/move_robot.py to move_robot.cpython-312.pyc
[4.368s] byte-compiling /home/surafel/ros2_ws/src/lab_1_package/install/lab_1_package/lib/python3.12/site-packages/lab_1_package/detect_objects.py to detect_objects.cpython-312.pyc
[4.370s] running install_data
[4.371s] creating /home/surafel/ros2_ws/src/lab_1_package/install/lab_1_package/share/ament_index
[4.371s] creating /home/surafel/ros2_ws/src/lab_1_package/install/lab_1_package/share/ament_index/resource_index
[4.372s] creating /home/surafel/ros2_ws/src/lab_1_package/install/lab_1_package/share/ament_index/resource_index/packages
[4.373s] copying resource/lab_1_package -> /home/surafel/ros2_ws/src/lab_1_package/install/lab_1_package/share/ament_index/resource_index/packages
[4.374s] copying package.xml -> /home/surafel/ros2_ws/src/lab_1_package/install/lab_1_package/share/lab_1_package
[4.374s] creating /home/surafel/ros2_ws/src/lab_1_package/install/lab_1_package/share/lab_1_package/urdf
[4.375s] copying urdf/robot.urdf -> /home/surafel/ros2_ws/src/lab_1_package/install/lab_1_package/share/lab_1_package/urdf
[4.376s] creating /home/surafel/ros2_ws/src/lab_1_package/install/lab_1_package/share/lab_1_package/launch
[4.376s] copying launch/display.launch.py -> /home/surafel/ros2_ws/src/lab_1_package/install/lab_1_package/share/lab_1_package/launch
[4.376s] copying launch/gazebo_sim.launch.py -> /home/surafel/ros2_ws/src/lab_1_package/install/lab_1_package/share/lab_1_package/launch
[4.377s] creating /home/surafel/ros2_ws/src/lab_1_package/install/lab_1_package/share/lab_1_package/rviz
[4.377s] copying rviz/urdf.rviz -> /home/surafel/ros2_ws/src/lab_1_package/install/lab_1_package/share/lab_1_package/rviz
[4.377s] creating /home/surafel/ros2_ws/src/lab_1_package/install/lab_1_package/share/lab_1_package/worlds
[4.378s] copying worlds/my_world.sdf -> /home/surafel/ros2_ws/src/lab_1_package/install/lab_1_package/share/lab_1_package/worlds
[4.378s] running install_egg_info
[4.443s] Copying build/lab_1_package/lab_1_package.egg-info to /home/surafel/ros2_ws/src/lab_1_package/install/lab_1_package/lib/python3.12/site-packages/lab_1_package-0.0.0-py3.12.egg-info
[4.446s] running install_scripts
[4.849s] Installing detect_objects script to /home/surafel/ros2_ws/src/lab_1_package/install/lab_1_package/lib/lab_1_package
[4.850s] Installing move_robot script to /home/surafel/ros2_ws/src/lab_1_package/install/lab_1_package/lib/lab_1_package
[4.851s] writing list of installed files to '/home/surafel/ros2_ws/src/lab_1_package/build/lab_1_package/install.log'
[4.945s] Invoked command in '/home/surafel/ros2_ws/src/lab_1_package' returned '0': PYTHONPATH=/home/surafel/ros2_ws/src/lab_1_package/build/lab_1_package/prefix_override:/usr/lib/python3/dist-packages/colcon_core/task/python/colcon_distutils_commands:/home/surafel/ros2_ws/src/lab_1_package/install/lab_1_package/lib/python3.12/site-packages:${PYTHONPATH} /usr/bin/python3 -W ignore:setup.py install is deprecated -W ignore:easy_install command is deprecated setup.py egg_info --egg-base build/lab_1_package build --build-base /home/surafel/ros2_ws/src/lab_1_package/build/lab_1_package/build install --record /home/surafel/ros2_ws/src/lab_1_package/build/lab_1_package/install.log --single-version-externally-managed install_data
