/home/surafel/ros2_ws/src/lab_1_package/install/lab_1_package/lib/python3.12/site-packages/lab_1_package/__init__.py
/home/surafel/ros2_ws/src/lab_1_package/install/lab_1_package/lib/python3.12/site-packages/lab_1_package/move_robot.py
/home/surafel/ros2_ws/src/lab_1_package/install/lab_1_package/lib/python3.12/site-packages/lab_1_package/detect_objects.py
/home/surafel/ros2_ws/src/lab_1_package/install/lab_1_package/lib/python3.12/site-packages/lab_1_package/__pycache__/__init__.cpython-312.pyc
/home/surafel/ros2_ws/src/lab_1_package/install/lab_1_package/lib/python3.12/site-packages/lab_1_package/__pycache__/move_robot.cpython-312.pyc
/home/surafel/ros2_ws/src/lab_1_package/install/lab_1_package/lib/python3.12/site-packages/lab_1_package/__pycache__/detect_objects.cpython-312.pyc
/home/surafel/ros2_ws/src/lab_1_package/install/lab_1_package/share/ament_index/resource_index/packages/lab_1_package
/home/surafel/ros2_ws/src/lab_1_package/install/lab_1_package/share/lab_1_package/package.xml
/home/surafel/ros2_ws/src/lab_1_package/install/lab_1_package/share/lab_1_package/urdf/robot.urdf
/home/surafel/ros2_ws/src/lab_1_package/install/lab_1_package/share/lab_1_package/launch/display.launch.py
/home/surafel/ros2_ws/src/lab_1_package/install/lab_1_package/share/lab_1_package/launch/gazebo_sim.launch.py
/home/surafel/ros2_ws/src/lab_1_package/install/lab_1_package/share/lab_1_package/rviz/urdf.rviz
/home/surafel/ros2_ws/src/lab_1_package/install/lab_1_package/share/lab_1_package/worlds/my_world.sdf
/home/surafel/ros2_ws/src/lab_1_package/install/lab_1_package/lib/python3.12/site-packages/lab_1_package-0.0.0-py3.12.egg-info/entry_points.txt
/home/surafel/ros2_ws/src/lab_1_package/install/lab_1_package/lib/python3.12/site-packages/lab_1_package-0.0.0-py3.12.egg-info/dependency_links.txt
/home/surafel/ros2_ws/src/lab_1_package/install/lab_1_package/lib/python3.12/site-packages/lab_1_package-0.0.0-py3.12.egg-info/requires.txt
/home/surafel/ros2_ws/src/lab_1_package/install/lab_1_package/lib/python3.12/site-packages/lab_1_package-0.0.0-py3.12.egg-info/SOURCES.txt
/home/surafel/ros2_ws/src/lab_1_package/install/lab_1_package/lib/python3.12/site-packages/lab_1_package-0.0.0-py3.12.egg-info/top_level.txt
/home/surafel/ros2_ws/src/lab_1_package/install/lab_1_package/lib/python3.12/site-packages/lab_1_package-0.0.0-py3.12.egg-info/zip-safe
/home/surafel/ros2_ws/src/lab_1_package/install/lab_1_package/lib/python3.12/site-packages/lab_1_package-0.0.0-py3.12.egg-info/PKG-INFO
/home/surafel/ros2_ws/src/lab_1_package/install/lab_1_package/lib/lab_1_package/detect_objects
/home/surafel/ros2_ws/src/lab_1_package/install/lab_1_package/lib/lab_1_package/move_robot
